<?xml version="1.0" encoding="UTF-8"?>
<!-- Generated by org.testng.reporters.JUnitReportReporter -->
<testsuite hostname="LAPTOP-TM6K18J0" failures="0" tests="1" name="com.testcases.IndexTest" time="6.837" errors="0" timestamp="2023-05-13T22:56:10 IST" skipped="0">
  <testcase classname="com.testcases.IndexTest" name="indexValidation" time="6.837"/>
  <system-out/>
</testsuite> <!-- com.testcases.IndexTest -->
