<?xml version="1.0" encoding="UTF-8"?>
<!-- Generated by org.testng.reporters.JUnitReportReporter -->
<testsuite hostname="LAPTOP-TM6K18J0" failures="0" tests="1" name="com.testcases.SearchPageTest" time="11.962" errors="0" timestamp="2023-05-13T00:29:44 IST" skipped="0">
  <testcase classname="com.testcases.SearchPageTest" name="SearchPagevalidation" time="11.962"/>
  <system-out/>
</testsuite> <!-- com.testcases.SearchPageTest -->
