<?xml version="1.0" encoding="UTF-8"?>
<!-- Generated by org.testng.reporters.JUnitReportReporter -->
<testsuite hostname="LAPTOP-TM6K18J0" failures="0" tests="1" name="com.testcases.IndexTco1" time="11.307" errors="0" timestamp="2023-05-03T23:13:22 IST" skipped="0">
  <testcase classname="com.testcases.IndexTco1" name="logoValidation" time="11.307"/>
  <system-out/>
</testsuite> <!-- com.testcases.IndexTco1 -->
