<?xml version="1.0" encoding="UTF-8"?>
<!-- Generated by org.testng.reporters.JUnitReportReporter -->
<testsuite hostname="LAPTOP-TM6K18J0" failures="0" tests="1" name="com.testcases.AccountCreateTest" time="7.498" errors="0" timestamp="2023-05-13T00:21:46 IST" skipped="0">
  <testcase classname="com.testcases.AccountCreateTest" name="AccountPageValidation" time="7.498"/>
  <system-out/>
</testsuite> <!-- com.testcases.AccountCreateTest -->
