<?xml version="1.0" encoding="UTF-8"?>
<!-- Generated by org.testng.reporters.JUnitReportReporter -->
<testsuite hostname="LAPTOP-TM6K18J0" failures="0" tests="1" name="com.testcases.EndToEndTest" time="24.053" errors="0" timestamp="2023-05-14T01:17:08 IST" skipped="0">
  <testcase classname="com.testcases.EndToEndTest" name="endToEndValidation" time="24.053"/>
  <system-out/>
</testsuite> <!-- com.testcases.EndToEndTest -->
