<?xml version="1.0" encoding="UTF-8"?>
<!-- Generated by org.testng.reporters.JUnitReportReporter -->
<testsuite hostname="LAPTOP-TM6K18J0" failures="0" tests="1" name="com.testcases.OrderPageTest" time="11.774" errors="0" timestamp="2023-05-13T00:24:04 IST" skipped="0">
  <testcase classname="com.testcases.OrderPageTest" name="orderPageValidation" time="11.774"/>
  <system-out/>
</testsuite> <!-- com.testcases.OrderPageTest -->
