<?xml version="1.0" encoding="UTF-8"?>
<!-- Generated by org.testng.reporters.JUnitReportReporter -->
<testsuite hostname="LAPTOP-TM6K18J0" failures="0" tests="1" name="com.testcases.LoginTest" time="8.162" errors="0" timestamp="2023-05-13T00:29:44 IST" skipped="0">
  <testcase classname="com.testcases.LoginTest" name="loginValidation" time="8.162"/>
  <system-out/>
</testsuite> <!-- com.testcases.LoginTest -->
