<?xml version="1.0" encoding="UTF-8"?>
<!-- Generated by org.testng.reporters.JUnitReportReporter -->
<testsuite hostname="LAPTOP-TM6K18J0" failures="0" tests="1" name="com.testcases.OrderPageTest" time="12.110" errors="0" timestamp="2023-05-14T01:07:47 IST" skipped="0">
  <testcase classname="com.testcases.OrderPageTest" name="orderPageValidation" time="12.110"/>
  <system-out/>
</testsuite> <!-- com.testcases.OrderPageTest -->
