<?xml version="1.0" encoding="UTF-8"?>
<!-- Generated by org.testng.reporters.JUnitReportReporter -->
<testsuite hostname="LAPTOP-TM6K18J0" failures="0" tests="1" name="com.testcases.IndexTest" time="6.001" errors="0" timestamp="2023-05-04T00:54:50 IST" skipped="0">
  <testcase classname="com.testcases.IndexTest" name="logoValidation" time="6.001"/>
  <system-out/>
</testsuite> <!-- com.testcases.IndexTest -->
